2024-08-16 21:53:57,335 INFO RPC interface 'supervisor' initialized
2024-08-16 21:53:57,335 CRIT Server 'inet_http_server' running without any HTTP authentication checking
2024-08-16 21:53:57,335 INFO RPC interface 'supervisor' initialized
2024-08-16 21:53:57,335 CRIT Server 'unix_http_server' running without any HTTP authentication checking
2024-08-16 21:53:57,336 INFO daemonizing the supervisord process
2024-08-16 21:53:57,336 INFO supervisord started with pid 24573
2024-08-16 21:54:12,357 WARN received SIGTERM indicating exit request
2024-08-17 17:51:23,215 INFO RPC interface 'supervisor' initialized
2024-08-17 17:51:23,216 CRIT Server 'inet_http_server' running without any HTTP authentication checking
2024-08-17 17:51:23,216 INFO RPC interface 'supervisor' initialized
2024-08-17 17:51:23,217 CRIT Server 'unix_http_server' running without any HTTP authentication checking
2024-08-17 17:51:23,217 INFO daemonizing the supervisord process
2024-08-17 17:51:23,218 INFO supervisord started with pid 32594
2024-08-17 17:51:48,767 WARN received SIGTERM indicating exit request
2024-08-17 19:13:24,422 INFO RPC interface 'supervisor' initialized
2024-08-17 19:13:24,422 CRIT Server 'inet_http_server' running without any HTTP authentication checking
2024-08-17 19:13:24,422 INFO RPC interface 'supervisor' initialized
2024-08-17 19:13:24,422 CRIT Server 'unix_http_server' running without any HTTP authentication checking
2024-08-17 19:13:24,423 INFO daemonizing the supervisord process
2024-08-17 19:13:24,424 INFO supervisord started with pid 78441
2024-08-17 19:14:22,795 WARN received SIGTERM indicating exit request
2024-08-17 19:21:48,799 INFO RPC interface 'supervisor' initialized
2024-08-17 19:21:48,799 CRIT Server 'inet_http_server' running without any HTTP authentication checking
2024-08-17 19:21:48,799 INFO RPC interface 'supervisor' initialized
2024-08-17 19:21:48,799 CRIT Server 'unix_http_server' running without any HTTP authentication checking
2024-08-17 19:21:48,801 INFO daemonizing the supervisord process
2024-08-17 19:21:48,801 INFO supervisord started with pid 83428
2024-08-17 21:45:37,303 INFO RPC interface 'supervisor' initialized
2024-08-17 21:45:37,304 CRIT Server 'inet_http_server' running without any HTTP authentication checking
2024-08-17 21:45:37,304 INFO RPC interface 'supervisor' initialized
2024-08-17 21:45:37,304 CRIT Server 'unix_http_server' running without any HTTP authentication checking
2024-08-17 21:45:37,305 INFO daemonizing the supervisord process
2024-08-17 21:45:37,305 INFO supervisord started with pid 6644
2024-08-17 21:59:40,722 WARN received SIGTERM indicating exit request
2024-08-17 23:43:50,878 INFO RPC interface 'supervisor' initialized
2024-08-17 23:43:50,879 CRIT Server 'inet_http_server' running without any HTTP authentication checking
2024-08-17 23:43:50,879 INFO RPC interface 'supervisor' initialized
2024-08-17 23:43:50,879 CRIT Server 'unix_http_server' running without any HTTP authentication checking
2024-08-17 23:43:50,880 INFO daemonizing the supervisord process
2024-08-17 23:43:50,881 INFO supervisord started with pid 20581
2024-08-17 23:44:03,720 INFO spawned: 'hello_world' with pid 20751
2024-08-17 23:44:03,727 WARN exited: hello_world (exit status 0; not expected)
2024-08-17 23:44:04,733 INFO spawned: 'hello_world' with pid 20760
2024-08-17 23:44:04,736 WARN exited: hello_world (exit status 0; not expected)
2024-08-17 23:44:05,744 ERRO 127.0.0.1:38540 - - [18/Aug/2024:03:44:05 -0500] "GET /?message=ERROR%3A%20Process%20hello_world%3A%20spawn%20error HTTP/1.1" 200 6125
2024-08-17 23:44:06,778 INFO spawned: 'hello_world' with pid 20785
2024-08-17 23:44:06,781 WARN exited: hello_world (exit status 0; not expected)
2024-08-17 23:44:09,785 INFO spawned: 'hello_world' with pid 20809
2024-08-17 23:44:09,790 WARN exited: hello_world (exit status 0; not expected)
2024-08-17 23:44:09,790 INFO gave up: hello_world entered FATAL state, too many start retries too quickly
2024-08-17 23:44:46,150 INFO spawned: 'hello_world' with pid 21133
2024-08-17 23:44:46,153 WARN exited: hello_world (exit status 0; not expected)
2024-08-17 23:44:47,158 INFO spawned: 'hello_world' with pid 21142
2024-08-17 23:44:47,162 WARN exited: hello_world (exit status 0; not expected)
2024-08-17 23:44:51,033 INFO spawned: 'hello_world' with pid 21175
2024-08-17 23:44:51,037 WARN exited: hello_world (exit status 0; not expected)
2024-08-17 23:44:52,048 ERRO 127.0.0.1:38554 - - [18/Aug/2024:03:44:52 -0500] "GET /?message=ERROR%3A%20Process%20hello_world%3A%20spawn%20error HTTP/1.1" 200 6125
2024-08-17 23:44:54,813 INFO spawned: 'hello_world' with pid 21200
2024-08-17 23:44:54,817 WARN exited: hello_world (exit status 0; not expected)
2024-08-17 23:44:54,817 INFO gave up: hello_world entered FATAL state, too many start retries too quickly
2024-08-17 23:47:29,146 INFO RPC interface 'supervisor' initialized
2024-08-17 23:47:29,146 CRIT Server 'inet_http_server' running without any HTTP authentication checking
2024-08-17 23:47:29,147 INFO RPC interface 'supervisor' initialized
2024-08-17 23:47:29,147 CRIT Server 'unix_http_server' running without any HTTP authentication checking
2024-08-17 23:47:29,147 INFO supervisord started with pid 20581
2024-08-17 23:47:58,480 ERRO 127.0.0.1:50124 - - [18/Aug/2024:03:47:58 -0500] "GET /?message=ERROR%3A%20Process%20hello_world%3A%20no%20such%20file HTTP/1.1" 200 6128
2024-08-17 23:48:00,953 ERRO 127.0.0.1:50124 - - [18/Aug/2024:03:48:00 -0500] "GET /?message=ERROR%3A%20Process%20hello_world%3A%20no%20such%20file HTTP/1.1" 200 6128
2024-08-17 23:49:08,440 INFO RPC interface 'supervisor' initialized
2024-08-17 23:49:08,440 CRIT Server 'inet_http_server' running without any HTTP authentication checking
2024-08-17 23:49:08,440 INFO RPC interface 'supervisor' initialized
2024-08-17 23:49:08,440 CRIT Server 'unix_http_server' running without any HTTP authentication checking
2024-08-17 23:49:08,441 INFO supervisord started with pid 20581
2024-08-17 23:49:15,201 INFO spawned: 'hello_world' with pid 23798
2024-08-17 23:49:15,204 WARN exited: hello_world (exit status 0; not expected)
2024-08-17 23:49:16,212 INFO spawned: 'hello_world' with pid 23807
2024-08-17 23:49:16,216 WARN exited: hello_world (exit status 0; not expected)
2024-08-17 23:49:18,255 INFO spawned: 'hello_world' with pid 23855
2024-08-17 23:49:18,259 WARN exited: hello_world (exit status 0; not expected)
2024-08-17 23:49:21,263 INFO spawned: 'hello_world' with pid 23888
2024-08-17 23:49:21,266 WARN exited: hello_world (exit status 0; not expected)
2024-08-17 23:49:21,267 INFO gave up: hello_world entered FATAL state, too many start retries too quickly
2024-08-17 23:49:39,729 INFO RPC interface 'supervisor' initialized
2024-08-17 23:49:39,729 CRIT Server 'inet_http_server' running without any HTTP authentication checking
2024-08-17 23:49:39,729 INFO RPC interface 'supervisor' initialized
2024-08-17 23:49:39,729 CRIT Server 'unix_http_server' running without any HTTP authentication checking
2024-08-17 23:49:39,729 INFO supervisord started with pid 20581
2024-08-17 23:49:46,377 INFO spawned: 'hello_world' with pid 24167
2024-08-17 23:50:02,899 INFO waiting for hello_world to stop
2024-08-17 23:50:02,899 WARN stopped: hello_world (terminated by SIGTERM)
2024-08-17 23:51:53,218 INFO RPC interface 'supervisor' initialized
2024-08-17 23:51:53,218 CRIT Server 'inet_http_server' running without any HTTP authentication checking
2024-08-17 23:51:53,219 INFO RPC interface 'supervisor' initialized
2024-08-17 23:51:53,219 CRIT Server 'unix_http_server' running without any HTTP authentication checking
2024-08-17 23:51:53,219 INFO supervisord started with pid 20581
2024-08-17 23:52:00,788 INFO spawned: 'hello_world' with pid 25426
2024-08-17 23:53:54,124 INFO waiting for hello_world to stop
2024-08-17 23:53:54,125 WARN stopped: hello_world (terminated by SIGTERM)
