This is a log entry for my_module
This is a log entry for my_module
This is a log entry for my_module
This is a log entry for my_module
This is a log entry for my_module
This is a log entry for my_module
This is a log entry for my_module
This is a log entry for my_module
This is a log entry for my_module
This is a log entry for my_module
WARNING | 2024-08-20 18:41:30,552 | This is a log entry for my_module
WARNING | 2024-08-20 18:41:30,552 | This is a log entry for my_module
WARNING | 2024-08-20 18:41:30,552 | This is a log entry for my_module
WARNING | 2024-08-20 18:41:30,552 | This is a log entry for my_module
WARNING | 2024-08-20 18:41:30,552 | This is a log entry for my_module
WARNING | 2024-08-20 18:41:30,552 | This is a log entry for my_module
WARNING | 2024-08-20 18:41:30,552 | This is a log entry for my_module
WARNING | 2024-08-20 18:41:30,552 | This is a log entry for my_module
WARNING | 2024-08-20 18:41:30,552 | This is a log entry for my_module
WARNING | 2024-08-20 18:41:30,552 | This is a log entry for my_module
2024-08-20 18:42:27,508 | WARNING | This is a log entry for my_module
2024-08-20 18:42:27,508 | WARNING | This is a log entry for my_module
2024-08-20 18:42:27,508 | WARNING | This is a log entry for my_module
2024-08-20 18:42:27,508 | WARNING | This is a log entry for my_module
2024-08-20 18:42:27,508 | WARNING | This is a log entry for my_module
2024-08-20 18:42:27,508 | WARNING | This is a log entry for my_module
2024-08-20 18:42:27,508 | WARNING | This is a log entry for my_module
2024-08-20 18:42:27,508 | WARNING | This is a log entry for my_module
2024-08-20 18:42:27,508 | WARNING | This is a log entry for my_module
2024-08-20 18:42:27,508 | WARNING | This is a log entry for my_module
2024-08-20 18:43:13,916 | WARNING | This is a log entry for my_module | logHandler | main | 36
2024-08-20 18:43:13,916 | WARNING | This is a log entry for my_module | logHandler | main | 36
2024-08-20 18:43:13,916 | WARNING | This is a log entry for my_module | logHandler | main | 36
2024-08-20 18:43:13,916 | WARNING | This is a log entry for my_module | logHandler | main | 36
2024-08-20 18:43:13,916 | WARNING | This is a log entry for my_module | logHandler | main | 36
2024-08-20 18:43:13,916 | WARNING | This is a log entry for my_module | logHandler | main | 36
2024-08-20 18:43:13,916 | WARNING | This is a log entry for my_module | logHandler | main | 36
2024-08-20 18:43:13,916 | WARNING | This is a log entry for my_module | logHandler | main | 36
2024-08-20 18:43:13,916 | WARNING | This is a log entry for my_module | logHandler | main | 36
2024-08-20 18:43:13,916 | WARNING | This is a log entry for my_module | logHandler | main | 36
2024-08-20 18:56:54,494 | WARNING | This is a log entry from supervisor supervisord logger
2024-08-20 18:56:54,494 | WARNING | This is a log entry from supervisor supervisord logger
2024-08-20 18:56:54,494 | WARNING | This is a log entry from supervisor supervisord logger
2024-08-20 18:56:54,494 | WARNING | This is a log entry from supervisor supervisord logger
2024-08-20 18:56:54,494 | WARNING | This is a log entry from supervisor supervisord logger
2024-08-20 18:56:54,494 | WARNING | This is a log entry from supervisor supervisord logger
2024-08-20 18:56:54,494 | WARNING | This is a log entry from supervisor supervisord logger
2024-08-20 18:56:54,494 | WARNING | This is a log entry from supervisor supervisord logger
2024-08-20 18:56:54,494 | WARNING | This is a log entry from supervisor supervisord logger
2024-08-20 18:56:54,494 | WARNING | This is a log entry from supervisor supervisord logger
